<?xml version="1.0" encoding="UTF-8"?>
<coverage generated="1685092175303" clover="3.2.0">
  <project timestamp="1685092175303" name="All files">
    <metrics statements="12" coveredstatements="12" conditionals="4" coveredconditionals="4" methods="7" coveredmethods="7" elements="23" coveredelements="23" complexity="0" loc="12" ncloc="12" packages="1" files="2" classes="2"/>
    <file name="App.tsx" path="/Users/e.devoffice0083/Desktop/Prafultraninig1158/FirestoreDb/App.tsx">
      <metrics statements="10" coveredstatements="10" conditionals="2" coveredconditionals="2" methods="6" coveredmethods="6"/>
      <line num="14" count="1" type="stmt"/>
      <line num="16" count="1" type="stmt"/>
      <line num="20" count="1" type="stmt"/>
      <line num="21" count="1" type="stmt"/>
      <line num="27" count="1" type="stmt"/>
      <line num="28" count="1" type="stmt"/>
      <line num="29" count="1" type="stmt"/>
      <line num="36" count="1" type="stmt"/>
      <line num="37" count="1" type="stmt"/>
      <line num="40" count="2" type="stmt"/>
    </file>
    <file name="jestSetup.js" path="/Users/e.devoffice0083/Desktop/Prafultraninig1158/FirestoreDb/jestSetup.js">
      <metrics statements="2" coveredstatements="2" conditionals="2" coveredconditionals="2" methods="1" coveredmethods="1"/>
      <line num="1" count="1" type="stmt"/>
      <line num="3" count="1" type="cond" truecount="2" falsecount="0"/>
    </file>
  </project>
</coverage>
