{"/Users/e.devoffice0083/Desktop/Prafultraninig1158/FirestoreDb/App.tsx": {"path":"/Users/e.devoffice0083/Desktop/Prafultraninig1158/FirestoreDb/App.tsx","statementMap":{"0":{"start":{"line":14,"column":4},"end":{"line":14,"column":17}},"1":{"start":{"line":16,"column":18},"end":{"line":18,"column":3}},"2":{"start":{"line":20,"column":15},"end":{"line":25,"column":3}},"3":{"start":{"line":21,"column":4},"end":{"line":24,"column":7}},"4":{"start":{"line":27,"column":18},"end":{"line":33,"column":3}},"5":{"start":{"line":28,"column":4},"end":{"line":32,"column":13}},"6":{"start":{"line":29,"column":6},"end":{"line":31,"column":9}},"7":{"start":{"line":36,"column":4},"end":{"line":36,"column":25}},"8":{"start":{"line":37,"column":4},"end":{"line":37,"column":22}},"9":{"start":{"line":40,"column":4},"end":{"line":51,"column":6}}},"fnMap":{"0":{"name":"(anonymous_0)","decl":{"start":{"line":13,"column":2},"end":{"line":13,"column":3}},"loc":{"start":{"line":13,"column":29},"end":{"line":15,"column":3}},"line":13},"1":{"name":"(anonymous_1)","decl":{"start":{"line":20,"column":15},"end":{"line":20,"column":16}},"loc":{"start":{"line":20,"column":21},"end":{"line":25,"column":3}},"line":20},"2":{"name":"(anonymous_2)","decl":{"start":{"line":27,"column":18},"end":{"line":27,"column":19}},"loc":{"start":{"line":27,"column":24},"end":{"line":33,"column":3}},"line":27},"3":{"name":"(anonymous_3)","decl":{"start":{"line":28,"column":15},"end":{"line":28,"column":16}},"loc":{"start":{"line":28,"column":21},"end":{"line":32,"column":5}},"line":28},"4":{"name":"(anonymous_4)","decl":{"start":{"line":35,"column":2},"end":{"line":35,"column":3}},"loc":{"start":{"line":35,"column":22},"end":{"line":38,"column":3}},"line":35},"5":{"name":"(anonymous_5)","decl":{"start":{"line":39,"column":2},"end":{"line":39,"column":3}},"loc":{"start":{"line":39,"column":11},"end":{"line":52,"column":3}},"line":39}},"branchMap":{"0":{"loc":{"start":{"line":44,"column":11},"end":{"line":48,"column":11}},"type":"cond-expr","locations":[{"start":{"line":45,"column":12},"end":{"line":45,"column":42}},{"start":{"line":47,"column":12},"end":{"line":47,"column":39}}],"line":44}},"s":{"0":1,"1":1,"2":1,"3":1,"4":1,"5":1,"6":1,"7":1,"8":1,"9":2},"f":{"0":1,"1":1,"2":1,"3":1,"4":1,"5":2},"b":{"0":[1,1]},"_coverageSchema":"1a1c01bbd47fc00a2c39e90264f33305004495a9","hash":"6bf6fd9edb18867296271186197902ad3b86d464"}
,"/Users/e.devoffice0083/Desktop/Prafultraninig1158/FirestoreDb/jestSetup.js": {"path":"/Users/e.devoffice0083/Desktop/Prafultraninig1158/FirestoreDb/jestSetup.js","statementMap":{"0":{"start":{"line":1,"column":20},"end":{"line":3,"column":57}},"1":{"start":{"line":3,"column":34},"end":{"line":3,"column":56}}},"fnMap":{"0":{"name":"(anonymous_0)","decl":{"start":{"line":3,"column":22},"end":{"line":3,"column":23}},"loc":{"start":{"line":3,"column":34},"end":{"line":3,"column":56}},"line":3}},"branchMap":{"0":{"loc":{"start":{"line":3,"column":34},"end":{"line":3,"column":56}},"type":"binary-expr","locations":[{"start":{"line":3,"column":34},"end":{"line":3,"column":42}},{"start":{"line":3,"column":46},"end":{"line":3,"column":56}}],"line":3}},"s":{"0":1,"1":1},"f":{"0":1},"b":{"0":[1,1]},"_coverageSchema":"1a1c01bbd47fc00a2c39e90264f33305004495a9","hash":"02a0b550195e5815eeb960528268f5117f28e859"}
}
