TN:
SF:App.tsx
FN:13,(anonymous_0)
FN:20,(anonymous_1)
FN:27,(anonymous_2)
FN:28,(anonymous_3)
FN:35,(anonymous_4)
FN:39,(anonymous_5)
FNF:6
FNH:6
FNDA:1,(anonymous_0)
FNDA:1,(anonymous_1)
FNDA:1,(anonymous_2)
FNDA:1,(anonymous_3)
FNDA:1,(anonymous_4)
FNDA:2,(anonymous_5)
DA:14,1
DA:16,1
DA:20,1
DA:21,1
DA:27,1
DA:28,1
DA:29,1
DA:36,1
DA:37,1
DA:40,2
LF:10
LH:10
BRDA:44,0,0,1
BRDA:44,0,1,1
BRF:2
BRH:2
end_of_record
TN:
SF:jestSetup.js
FN:3,(anonymous_0)
FNF:1
FNH:1
FNDA:1,(anonymous_0)
DA:1,1
DA:3,1
LF:2
LH:2
BRDA:3,0,0,1
BRDA:3,0,1,1
BRF:2
BRH:2
end_of_record
