<?xml version="1.0" encoding="UTF-8"?>
<coverage generated="1684504543267" clover="3.2.0">
  <project timestamp="1684504543267" name="All files">
    <metrics statements="26" coveredstatements="16" conditionals="8" coveredconditionals="2" methods="21" coveredmethods="6" elements="55" coveredelements="24" complexity="0" loc="26" ncloc="26" packages="2" files="5" classes="5"/>
    <package name="InfiniteScroll">
      <metrics statements="1" coveredstatements="1" conditionals="0" coveredconditionals="0" methods="1" coveredmethods="1"/>
      <file name="App.tsx" path="/home/extended-training-9/Desktop/Praful traninig 1158/InfiniteScroll/App.tsx">
        <metrics statements="1" coveredstatements="1" conditionals="0" coveredconditionals="0" methods="1" coveredmethods="1"/>
        <line num="6" count="1" type="stmt"/>
      </file>
    </package>
    <package name="InfiniteScroll.packages.blocks.InfiniteScroll">
      <metrics statements="25" coveredstatements="15" conditionals="8" coveredconditionals="2" methods="20" coveredmethods="5"/>
      <file name="InfiniteScroll.tsx" path="/home/extended-training-9/Desktop/Praful traninig 1158/InfiniteScroll/packages/blocks/InfiniteScroll/InfiniteScroll.tsx">
        <metrics statements="4" coveredstatements="2" conditionals="2" coveredconditionals="0" methods="8" coveredmethods="1"/>
        <line num="13" count="2" type="stmt"/>
        <line num="45" count="0" type="stmt"/>
        <line num="64" count="0" type="stmt"/>
        <line num="82" count="1" type="cond" truecount="0" falsecount="2"/>
      </file>
      <file name="InfiniteScrollCards.tsx" path="/home/extended-training-9/Desktop/Praful traninig 1158/InfiniteScroll/packages/blocks/InfiniteScroll/InfiniteScrollCards.tsx">
        <metrics statements="8" coveredstatements="2" conditionals="4" coveredconditionals="0" methods="8" coveredmethods="0"/>
        <line num="7" count="1" type="stmt"/>
        <line num="10" count="0" type="stmt"/>
        <line num="11" count="0" type="stmt"/>
        <line num="14" count="0" type="stmt"/>
        <line num="18" count="0" type="stmt"/>
        <line num="19" count="0" type="stmt"/>
        <line num="21" count="0" type="stmt"/>
        <line num="58" count="1" type="cond" truecount="0" falsecount="2"/>
      </file>
      <file name="InfiniteScrollControllers.tsx" path="/home/extended-training-9/Desktop/Praful traninig 1158/InfiniteScroll/packages/blocks/InfiniteScroll/InfiniteScrollControllers.tsx">
        <metrics statements="11" coveredstatements="9" conditionals="2" coveredconditionals="2" methods="4" coveredmethods="4"/>
        <line num="21" count="1" type="stmt"/>
        <line num="24" count="1" type="stmt"/>
        <line num="30" count="1" type="stmt"/>
        <line num="33" count="1" type="stmt"/>
        <line num="34" count="1" type="stmt"/>
        <line num="35" count="1" type="stmt"/>
        <line num="38" count="0" type="stmt"/>
        <line num="40" count="0" type="stmt"/>
        <line num="46" count="1" type="stmt"/>
        <line num="47" count="2" type="cond" truecount="2" falsecount="0"/>
        <line num="48" count="1" type="stmt"/>
      </file>
      <file name="InfiniteScrollStyles.tsx" path="/home/extended-training-9/Desktop/Praful traninig 1158/InfiniteScroll/packages/blocks/InfiniteScroll/InfiniteScrollStyles.tsx">
        <metrics statements="2" coveredstatements="2" conditionals="0" coveredconditionals="0" methods="0" coveredmethods="0"/>
        <line num="3" count="1" type="stmt"/>
        <line num="4" count="1" type="stmt"/>
      </file>
    </package>
  </project>
</coverage>
