{"/home/extended-training-9/Desktop/Praful traninig 1158/InfiniteScroll/App.tsx": {"path":"/home/extended-training-9/Desktop/Praful traninig 1158/InfiniteScroll/App.tsx","statementMap":{"0":{"start":{"line":6,"column":4},"end":{"line":6,"column":30}}},"fnMap":{"0":{"name":"(anonymous_0)","decl":{"start":{"line":5,"column":2},"end":{"line":5,"column":3}},"loc":{"start":{"line":5,"column":11},"end":{"line":7,"column":3}},"line":5}},"branchMap":{},"s":{"0":1},"f":{"0":1},"b":{},"_coverageSchema":"1a1c01bbd47fc00a2c39e90264f33305004495a9","hash":"7d58416420479003ea92c5b50d1642866068d696"}
,"/home/extended-training-9/Desktop/Praful traninig 1158/InfiniteScroll/packages/blocks/InfiniteScroll/InfiniteScroll.tsx": {"path":"/home/extended-training-9/Desktop/Praful traninig 1158/InfiniteScroll/packages/blocks/InfiniteScroll/InfiniteScroll.tsx","statementMap":{"0":{"start":{"line":13,"column":4},"end":{"line":73,"column":6}},"1":{"start":{"line":45,"column":55},"end":{"line":45,"column":103}},"2":{"start":{"line":64,"column":16},"end":{"line":64,"column":59}},"3":{"start":{"line":82,"column":38},"end":{"line":82,"column":35823}},"4":{"start":{"line":82,"column":42},"end":{"line":82,"column":35812}},"5":{"start":{"line":82,"column":35861},"end":{"line":82,"column":35901}},"6":{"start":{"line":82,"column":35865},"end":{"line":82,"column":35890}},"7":{"start":{"line":82,"column":35902},"end":{"line":82,"column":35910}},"8":{"start":{"line":82,"column":35912},"end":{"line":82,"column":35918}},"9":{"start":{"line":82,"column":35954},"end":{"line":82,"column":35996}},"10":{"start":{"line":82,"column":35958},"end":{"line":82,"column":35985}},"11":{"start":{"line":82,"column":35997},"end":{"line":82,"column":36005}},"12":{"start":{"line":82,"column":36007},"end":{"line":82,"column":36013}},"13":{"start":{"line":82,"column":36030},"end":{"line":82,"column":36067}},"14":{"start":{"line":82,"column":36034},"end":{"line":82,"column":36056}},"15":{"start":{"line":82,"column":36069},"end":{"line":82,"column":36075}},"16":{"start":{"line":82,"column":36092},"end":{"line":82,"column":36132}},"17":{"start":{"line":82,"column":36096},"end":{"line":82,"column":36121}},"18":{"start":{"line":82,"column":36134},"end":{"line":82,"column":36140}}},"fnMap":{"0":{"name":"(anonymous_0)","decl":{"start":{"line":12,"column":2},"end":{"line":12,"column":3}},"loc":{"start":{"line":12,"column":11},"end":{"line":74,"column":3}},"line":12},"1":{"name":"(anonymous_1)","decl":{"start":{"line":45,"column":28},"end":{"line":45,"column":29}},"loc":{"start":{"line":45,"column":55},"end":{"line":45,"column":103}},"line":45},"2":{"name":"(anonymous_2)","decl":{"start":{"line":63,"column":26},"end":{"line":63,"column":27}},"loc":{"start":{"line":63,"column":38},"end":{"line":65,"column":15}},"line":63},"3":{"name":"oo_cm","decl":{"start":{"line":82,"column":30},"end":{"line":82,"column":35}},"loc":{"start":{"line":82,"column":37},"end":{"line":82,"column":35824}},"line":82},"4":{"name":"oo_oo","decl":{"start":{"line":82,"column":35834},"end":{"line":82,"column":35839}},"loc":{"start":{"line":82,"column":35860},"end":{"line":82,"column":35911}},"line":82},"5":{"name":"oo_tr","decl":{"start":{"line":82,"column":35927},"end":{"line":82,"column":35932}},"loc":{"start":{"line":82,"column":35953},"end":{"line":82,"column":36006}},"line":82},"6":{"name":"oo_ts","decl":{"start":{"line":82,"column":36022},"end":{"line":82,"column":36027}},"loc":{"start":{"line":82,"column":36029},"end":{"line":82,"column":36068}},"line":82},"7":{"name":"oo_te","decl":{"start":{"line":82,"column":36084},"end":{"line":82,"column":36089}},"loc":{"start":{"line":82,"column":36091},"end":{"line":82,"column":36133}},"line":82}},"branchMap":{"0":{"loc":{"start":{"line":82,"column":49},"end":{"line":82,"column":35811}},"type":"binary-expr","locations":[{"start":{"line":82,"column":49},"end":{"line":82,"column":86}},{"start":{"line":82,"column":90},"end":{"line":82,"column":35811}}],"line":82}},"s":{"0":2,"1":0,"2":0,"3":0,"4":0,"5":0,"6":0,"7":0,"8":1,"9":0,"10":0,"11":0,"12":1,"13":0,"14":0,"15":1,"16":0,"17":0,"18":1},"f":{"0":2,"1":0,"2":0,"3":0,"4":0,"5":0,"6":0,"7":0},"b":{"0":[0,0]},"_coverageSchema":"1a1c01bbd47fc00a2c39e90264f33305004495a9","hash":"87a3eb3f3e5f4e7355069dbfa1756653c63c3908"}
,"/home/extended-training-9/Desktop/Praful traninig 1158/InfiniteScroll/packages/blocks/InfiniteScroll/InfiniteScrollCards.tsx": {"path":"/home/extended-training-9/Desktop/Praful traninig 1158/InfiniteScroll/packages/blocks/InfiniteScroll/InfiniteScrollCards.tsx","statementMap":{"0":{"start":{"line":7,"column":16},"end":{"line":7,"column":55}},"1":{"start":{"line":10,"column":40},"end":{"line":10,"column":56}},"2":{"start":{"line":11,"column":4},"end":{"line":49,"column":6}},"3":{"start":{"line":14,"column":43},"end":{"line":14,"column":89}},"4":{"start":{"line":18,"column":32},"end":{"line":18,"column":41}},"5":{"start":{"line":19,"column":24},"end":{"line":19,"column":33}},"6":{"start":{"line":21,"column":12},"end":{"line":33,"column":14}},"7":{"start":{"line":58,"column":38},"end":{"line":58,"column":35823}},"8":{"start":{"line":58,"column":42},"end":{"line":58,"column":35812}},"9":{"start":{"line":58,"column":35861},"end":{"line":58,"column":35901}},"10":{"start":{"line":58,"column":35865},"end":{"line":58,"column":35890}},"11":{"start":{"line":58,"column":35902},"end":{"line":58,"column":35910}},"12":{"start":{"line":58,"column":35912},"end":{"line":58,"column":35918}},"13":{"start":{"line":58,"column":35954},"end":{"line":58,"column":35996}},"14":{"start":{"line":58,"column":35958},"end":{"line":58,"column":35985}},"15":{"start":{"line":58,"column":35997},"end":{"line":58,"column":36005}},"16":{"start":{"line":58,"column":36007},"end":{"line":58,"column":36013}},"17":{"start":{"line":58,"column":36030},"end":{"line":58,"column":36067}},"18":{"start":{"line":58,"column":36034},"end":{"line":58,"column":36056}},"19":{"start":{"line":58,"column":36069},"end":{"line":58,"column":36075}},"20":{"start":{"line":58,"column":36092},"end":{"line":58,"column":36132}},"21":{"start":{"line":58,"column":36096},"end":{"line":58,"column":36121}},"22":{"start":{"line":58,"column":36134},"end":{"line":58,"column":36140}}},"fnMap":{"0":{"name":"(anonymous_0)","decl":{"start":{"line":9,"column":2},"end":{"line":9,"column":3}},"loc":{"start":{"line":9,"column":11},"end":{"line":50,"column":3}},"line":9},"1":{"name":"(anonymous_1)","decl":{"start":{"line":14,"column":17},"end":{"line":14,"column":18}},"loc":{"start":{"line":14,"column":43},"end":{"line":14,"column":89}},"line":14},"2":{"name":"(anonymous_2)","decl":{"start":{"line":17,"column":22},"end":{"line":17,"column":23}},"loc":{"start":{"line":17,"column":34},"end":{"line":34,"column":11}},"line":17},"3":{"name":"oo_cm","decl":{"start":{"line":58,"column":30},"end":{"line":58,"column":35}},"loc":{"start":{"line":58,"column":37},"end":{"line":58,"column":35824}},"line":58},"4":{"name":"oo_oo","decl":{"start":{"line":58,"column":35834},"end":{"line":58,"column":35839}},"loc":{"start":{"line":58,"column":35860},"end":{"line":58,"column":35911}},"line":58},"5":{"name":"oo_tr","decl":{"start":{"line":58,"column":35927},"end":{"line":58,"column":35932}},"loc":{"start":{"line":58,"column":35953},"end":{"line":58,"column":36006}},"line":58},"6":{"name":"oo_ts","decl":{"start":{"line":58,"column":36022},"end":{"line":58,"column":36027}},"loc":{"start":{"line":58,"column":36029},"end":{"line":58,"column":36068}},"line":58},"7":{"name":"oo_te","decl":{"start":{"line":58,"column":36084},"end":{"line":58,"column":36089}},"loc":{"start":{"line":58,"column":36091},"end":{"line":58,"column":36133}},"line":58}},"branchMap":{"0":{"loc":{"start":{"line":25,"column":25},"end":{"line":27,"column":125}},"type":"cond-expr","locations":[{"start":{"line":26,"column":24},"end":{"line":26,"column":112}},{"start":{"line":27,"column":24},"end":{"line":27,"column":125}}],"line":25},"1":{"loc":{"start":{"line":58,"column":49},"end":{"line":58,"column":35811}},"type":"binary-expr","locations":[{"start":{"line":58,"column":49},"end":{"line":58,"column":86}},{"start":{"line":58,"column":90},"end":{"line":58,"column":35811}}],"line":58}},"s":{"0":1,"1":0,"2":0,"3":0,"4":0,"5":0,"6":0,"7":0,"8":0,"9":0,"10":0,"11":0,"12":1,"13":0,"14":0,"15":0,"16":1,"17":0,"18":0,"19":1,"20":0,"21":0,"22":1},"f":{"0":0,"1":0,"2":0,"3":0,"4":0,"5":0,"6":0,"7":0},"b":{"0":[0,0],"1":[0,0]},"_coverageSchema":"1a1c01bbd47fc00a2c39e90264f33305004495a9","hash":"96fc9a3dff0cc8e2466d85ed610af31b4ad11b30"}
,"/home/extended-training-9/Desktop/Praful traninig 1158/InfiniteScroll/packages/blocks/InfiniteScroll/InfiniteScrollControllers.tsx": {"path":"/home/extended-training-9/Desktop/Praful traninig 1158/InfiniteScroll/packages/blocks/InfiniteScroll/InfiniteScrollControllers.tsx","statementMap":{"0":{"start":{"line":21,"column":4},"end":{"line":21,"column":17}},"1":{"start":{"line":24,"column":18},"end":{"line":28,"column":3}},"2":{"start":{"line":30,"column":4},"end":{"line":30,"column":21}},"3":{"start":{"line":33,"column":14},"end":{"line":45,"column":3}},"4":{"start":{"line":34,"column":4},"end":{"line":34,"column":37}},"5":{"start":{"line":35,"column":21},"end":{"line":37,"column":5}},"6":{"start":{"line":38,"column":20},"end":{"line":38,"column":41}},"7":{"start":{"line":40,"column":4},"end":{"line":44,"column":7}},"8":{"start":{"line":46,"column":17},"end":{"line":53,"column":3}},"9":{"start":{"line":47,"column":4},"end":{"line":47,"column":43}},"10":{"start":{"line":47,"column":31},"end":{"line":47,"column":43}},"11":{"start":{"line":48,"column":4},"end":{"line":52,"column":6}}},"fnMap":{"0":{"name":"(anonymous_0)","decl":{"start":{"line":20,"column":2},"end":{"line":20,"column":3}},"loc":{"start":{"line":20,"column":29},"end":{"line":22,"column":3}},"line":20},"1":{"name":"(anonymous_1)","decl":{"start":{"line":29,"column":2},"end":{"line":29,"column":3}},"loc":{"start":{"line":29,"column":28},"end":{"line":31,"column":3}},"line":29},"2":{"name":"(anonymous_2)","decl":{"start":{"line":33,"column":14},"end":{"line":33,"column":15}},"loc":{"start":{"line":33,"column":26},"end":{"line":45,"column":3}},"line":33},"3":{"name":"(anonymous_3)","decl":{"start":{"line":46,"column":17},"end":{"line":46,"column":18}},"loc":{"start":{"line":46,"column":23},"end":{"line":53,"column":3}},"line":46}},"branchMap":{"0":{"loc":{"start":{"line":47,"column":4},"end":{"line":47,"column":43}},"type":"if","locations":[{"start":{"line":47,"column":4},"end":{"line":47,"column":43}},{"start":{},"end":{}}],"line":47}},"s":{"0":1,"1":1,"2":1,"3":1,"4":1,"5":1,"6":0,"7":0,"8":1,"9":2,"10":1,"11":1},"f":{"0":1,"1":1,"2":1,"3":2},"b":{"0":[1,1]},"_coverageSchema":"1a1c01bbd47fc00a2c39e90264f33305004495a9","hash":"130522e85dcc5c2e63c10fe67798a3c74cac625c"}
,"/home/extended-training-9/Desktop/Praful traninig 1158/InfiniteScroll/packages/blocks/InfiniteScroll/InfiniteScrollStyles.tsx": {"path":"/home/extended-training-9/Desktop/Praful traninig 1158/InfiniteScroll/packages/blocks/InfiniteScroll/InfiniteScrollStyles.tsx","statementMap":{"0":{"start":{"line":3,"column":24},"end":{"line":3,"column":48}},"1":{"start":{"line":4,"column":22},"end":{"line":58,"column":2}}},"fnMap":{},"branchMap":{},"s":{"0":1,"1":1},"f":{},"b":{},"_coverageSchema":"1a1c01bbd47fc00a2c39e90264f33305004495a9","hash":"797a42379e170ae49817c467b56ffad9876afec8"}
}
