TN:
SF:App.tsx
FN:5,(anonymous_0)
FNF:1
FNH:1
FNDA:1,(anonymous_0)
DA:6,1
LF:1
LH:1
BRF:0
BRH:0
end_of_record
TN:
SF:packages/blocks/InfiniteScroll/InfiniteScroll.tsx
FN:12,(anonymous_0)
FN:45,(anonymous_1)
FN:63,(anonymous_2)
FN:82,oo_cm
FN:82,oo_oo
FN:82,oo_tr
FN:82,oo_ts
FN:82,oo_te
FNF:8
FNH:1
FNDA:2,(anonymous_0)
FNDA:0,(anonymous_1)
FNDA:0,(anonymous_2)
FNDA:0,oo_cm
FNDA:0,oo_oo
FNDA:0,oo_tr
FNDA:0,oo_ts
FNDA:0,oo_te
DA:13,2
DA:45,0
DA:64,0
DA:82,1
LF:4
LH:2
BRDA:82,0,0,0
BRDA:82,0,1,0
BRF:2
BRH:0
end_of_record
TN:
SF:packages/blocks/InfiniteScroll/InfiniteScrollCards.tsx
FN:9,(anonymous_0)
FN:14,(anonymous_1)
FN:17,(anonymous_2)
FN:58,oo_cm
FN:58,oo_oo
FN:58,oo_tr
FN:58,oo_ts
FN:58,oo_te
FNF:8
FNH:0
FNDA:0,(anonymous_0)
FNDA:0,(anonymous_1)
FNDA:0,(anonymous_2)
FNDA:0,oo_cm
FNDA:0,oo_oo
FNDA:0,oo_tr
FNDA:0,oo_ts
FNDA:0,oo_te
DA:7,1
DA:10,0
DA:11,0
DA:14,0
DA:18,0
DA:19,0
DA:21,0
DA:58,1
LF:8
LH:2
BRDA:25,0,0,0
BRDA:25,0,1,0
BRDA:58,1,0,0
BRDA:58,1,1,0
BRF:4
BRH:0
end_of_record
TN:
SF:packages/blocks/InfiniteScroll/InfiniteScrollControllers.tsx
FN:20,(anonymous_0)
FN:29,(anonymous_1)
FN:33,(anonymous_2)
FN:46,(anonymous_3)
FNF:4
FNH:4
FNDA:1,(anonymous_0)
FNDA:1,(anonymous_1)
FNDA:1,(anonymous_2)
FNDA:2,(anonymous_3)
DA:21,1
DA:24,1
DA:30,1
DA:33,1
DA:34,1
DA:35,1
DA:38,0
DA:40,0
DA:46,1
DA:47,2
DA:48,1
LF:11
LH:9
BRDA:47,0,0,1
BRDA:47,0,1,1
BRF:2
BRH:2
end_of_record
TN:
SF:packages/blocks/InfiniteScroll/InfiniteScrollStyles.tsx
FNF:0
FNH:0
DA:3,1
DA:4,1
LF:2
LH:2
BRF:0
BRH:0
end_of_record
