<?xml version="1.0" encoding="UTF-8"?>
<coverage generated="1685167559138" clover="3.2.0">
  <project timestamp="1685167559138" name="All files">
    <metrics statements="25" coveredstatements="8" conditionals="1" coveredconditionals="0" methods="11" coveredmethods="3" elements="37" coveredelements="11" complexity="0" loc="25" ncloc="25" packages="2" files="2" classes="2"/>
    <package name="FireChatApplication">
      <metrics statements="1" coveredstatements="1" conditionals="0" coveredconditionals="0" methods="1" coveredmethods="1"/>
      <file name="App.tsx" path="/Users/e.devoffice0083/Desktop/Prafultraninig1158/FireChatApplication/App.tsx">
        <metrics statements="1" coveredstatements="1" conditionals="0" coveredconditionals="0" methods="1" coveredmethods="1"/>
        <line num="7" count="1" type="stmt"/>
      </file>
    </package>
    <package name="FireChatApplication.components">
      <metrics statements="24" coveredstatements="7" conditionals="1" coveredconditionals="0" methods="10" coveredmethods="2"/>
      <file name="chat.tsx" path="/Users/e.devoffice0083/Desktop/Prafultraninig1158/FireChatApplication/components/chat.tsx">
        <metrics statements="24" coveredstatements="7" conditionals="1" coveredconditionals="0" methods="10" coveredmethods="2"/>
        <line num="21" count="1" type="stmt"/>
        <line num="24" count="1" type="stmt"/>
        <line num="31" count="1" type="stmt"/>
        <line num="32" count="0" type="stmt"/>
        <line num="37" count="1" type="cond" truecount="0" falsecount="1"/>
        <line num="38" count="0" type="stmt"/>
        <line num="39" count="0" type="stmt"/>
        <line num="41" count="0" type="stmt"/>
        <line num="43" count="0" type="stmt"/>
        <line num="44" count="0" type="stmt"/>
        <line num="46" count="0" type="stmt"/>
        <line num="51" count="0" type="stmt"/>
        <line num="59" count="0" type="stmt"/>
        <line num="65" count="0" type="stmt"/>
        <line num="66" count="0" type="stmt"/>
        <line num="67" count="0" type="stmt"/>
        <line num="72" count="0" type="stmt"/>
        <line num="76" count="1" type="stmt"/>
        <line num="77" count="0" type="stmt"/>
        <line num="78" count="0" type="stmt"/>
        <line num="83" count="0" type="stmt"/>
        <line num="87" count="1" type="stmt"/>
        <line num="88" count="0" type="stmt"/>
        <line num="102" count="1" type="stmt"/>
      </file>
    </package>
  </project>
</coverage>
