{"/Users/e.devoffice0083/Desktop/Prafultraninig1158/FireChatApplication/App.tsx": {"path":"/Users/e.devoffice0083/Desktop/Prafultraninig1158/FireChatApplication/App.tsx","statementMap":{"0":{"start":{"line":7,"column":4},"end":{"line":7,"column":20}}},"fnMap":{"0":{"name":"(anonymous_0)","decl":{"start":{"line":6,"column":2},"end":{"line":6,"column":3}},"loc":{"start":{"line":6,"column":11},"end":{"line":8,"column":3}},"line":6}},"branchMap":{},"s":{"0":1},"f":{"0":1},"b":{},"_coverageSchema":"1a1c01bbd47fc00a2c39e90264f33305004495a9","hash":"987e6ab27d760767541a15c454f18f57628aef70"}
,"/Users/e.devoffice0083/Desktop/Prafultraninig1158/FireChatApplication/components/chat.tsx": {"path":"/Users/e.devoffice0083/Desktop/Prafultraninig1158/FireChatApplication/components/chat.tsx","statementMap":{"0":{"start":{"line":21,"column":4},"end":{"line":21,"column":17}},"1":{"start":{"line":24,"column":18},"end":{"line":29,"column":3}},"2":{"start":{"line":31,"column":16},"end":{"line":35,"column":3}},"3":{"start":{"line":32,"column":4},"end":{"line":34,"column":7}},"4":{"start":{"line":37,"column":11},"end":{"line":56,"column":3}},"5":{"start":{"line":38,"column":17},"end":{"line":38,"column":36}},"6":{"start":{"line":39,"column":17},"end":{"line":39,"column":28}},"7":{"start":{"line":41,"column":4},"end":{"line":41,"column":70}},"8":{"start":{"line":43,"column":18},"end":{"line":43,"column":55}},"9":{"start":{"line":44,"column":4},"end":{"line":50,"column":7}},"10":{"start":{"line":46,"column":6},"end":{"line":49,"column":8}},"11":{"start":{"line":51,"column":4},"end":{"line":55,"column":74}},"12":{"start":{"line":59,"column":22},"end":{"line":63,"column":35}},"13":{"start":{"line":65,"column":4},"end":{"line":73,"column":7}},"14":{"start":{"line":66,"column":26},"end":{"line":71,"column":8}},"15":{"start":{"line":67,"column":8},"end":{"line":70,"column":10}},"16":{"start":{"line":72,"column":6},"end":{"line":72,"column":79}},"17":{"start":{"line":76,"column":12},"end":{"line":85,"column":3}},"18":{"start":{"line":77,"column":4},"end":{"line":84,"column":5}},"19":{"start":{"line":78,"column":6},"end":{"line":81,"column":9}},"20":{"start":{"line":83,"column":6},"end":{"line":83,"column":33}},"21":{"start":{"line":87,"column":24},"end":{"line":99,"column":3}},"22":{"start":{"line":88,"column":4},"end":{"line":98,"column":6}},"23":{"start":{"line":102,"column":4},"end":{"line":120,"column":6}}},"fnMap":{"0":{"name":"(anonymous_0)","decl":{"start":{"line":20,"column":2},"end":{"line":20,"column":3}},"loc":{"start":{"line":20,"column":29},"end":{"line":22,"column":3}},"line":20},"1":{"name":"(anonymous_1)","decl":{"start":{"line":31,"column":16},"end":{"line":31,"column":17}},"loc":{"start":{"line":31,"column":22},"end":{"line":35,"column":3}},"line":31},"2":{"name":"(anonymous_2)","decl":{"start":{"line":37,"column":11},"end":{"line":37,"column":12}},"loc":{"start":{"line":37,"column":30},"end":{"line":56,"column":3}},"line":37},"3":{"name":"(anonymous_3)","decl":{"start":{"line":44,"column":18},"end":{"line":44,"column":19}},"loc":{"start":{"line":44,"column":42},"end":{"line":50,"column":5}},"line":44},"4":{"name":"(anonymous_4)","decl":{"start":{"line":58,"column":2},"end":{"line":58,"column":3}},"loc":{"start":{"line":58,"column":22},"end":{"line":74,"column":3}},"line":58},"5":{"name":"(anonymous_5)","decl":{"start":{"line":65,"column":25},"end":{"line":65,"column":26}},"loc":{"start":{"line":65,"column":37},"end":{"line":73,"column":5}},"line":65},"6":{"name":"(anonymous_6)","decl":{"start":{"line":66,"column":44},"end":{"line":66,"column":45}},"loc":{"start":{"line":66,"column":59},"end":{"line":71,"column":7}},"line":66},"7":{"name":"(anonymous_7)","decl":{"start":{"line":76,"column":12},"end":{"line":76,"column":13}},"loc":{"start":{"line":76,"column":24},"end":{"line":85,"column":3}},"line":76},"8":{"name":"(anonymous_8)","decl":{"start":{"line":87,"column":24},"end":{"line":87,"column":25}},"loc":{"start":{"line":87,"column":40},"end":{"line":99,"column":3}},"line":87},"9":{"name":"(anonymous_9)","decl":{"start":{"line":101,"column":2},"end":{"line":101,"column":3}},"loc":{"start":{"line":101,"column":11},"end":{"line":121,"column":3}},"line":101}},"branchMap":{"0":{"loc":{"start":{"line":37,"column":12},"end":{"line":37,"column":25}},"type":"default-arg","locations":[{"start":{"line":37,"column":23},"end":{"line":37,"column":25}}],"line":37}},"s":{"0":1,"1":1,"2":1,"3":0,"4":1,"5":0,"6":0,"7":0,"8":0,"9":0,"10":0,"11":0,"12":0,"13":0,"14":0,"15":0,"16":0,"17":1,"18":0,"19":0,"20":0,"21":1,"22":0,"23":1},"f":{"0":1,"1":0,"2":0,"3":0,"4":0,"5":0,"6":0,"7":0,"8":0,"9":1},"b":{"0":[0]},"_coverageSchema":"1a1c01bbd47fc00a2c39e90264f33305004495a9","hash":"87759bf090be53e4f9a09d1688f778849d915522"}
}
