TN:
SF:App.tsx
FN:6,(anonymous_0)
FNF:1
FNH:1
FNDA:1,(anonymous_0)
DA:7,1
LF:1
LH:1
BRF:0
BRH:0
end_of_record
TN:
SF:components/chat.tsx
FN:20,(anonymous_0)
FN:31,(anonymous_1)
FN:37,(anonymous_2)
FN:44,(anonymous_3)
FN:58,(anonymous_4)
FN:65,(anonymous_5)
FN:66,(anonymous_6)
FN:76,(anonymous_7)
FN:87,(anonymous_8)
FN:101,(anonymous_9)
FNF:10
FNH:2
FNDA:1,(anonymous_0)
FNDA:0,(anonymous_1)
FNDA:0,(anonymous_2)
FNDA:0,(anonymous_3)
FNDA:0,(anonymous_4)
FNDA:0,(anonymous_5)
FNDA:0,(anonymous_6)
FNDA:0,(anonymous_7)
FNDA:0,(anonymous_8)
FNDA:1,(anonymous_9)
DA:21,1
DA:24,1
DA:31,1
DA:32,0
DA:37,1
DA:38,0
DA:39,0
DA:41,0
DA:43,0
DA:44,0
DA:46,0
DA:51,0
DA:59,0
DA:65,0
DA:66,0
DA:67,0
DA:72,0
DA:76,1
DA:77,0
DA:78,0
DA:83,0
DA:87,1
DA:88,0
DA:102,1
LF:24
LH:7
BRDA:37,0,0,0
BRF:1
BRH:0
end_of_record
