<?xml version="1.0" encoding="UTF-8"?>
<coverage generated="1684999998593" clover="3.2.0">
  <project timestamp="1684999998593" name="All files">
    <metrics statements="33" coveredstatements="33" conditionals="4" coveredconditionals="4" methods="14" coveredmethods="14" elements="51" coveredelements="51" complexity="0" loc="33" ncloc="33" packages="3" files="6" classes="6"/>
    <package name="InfinniteScrollTest">
      <metrics statements="1" coveredstatements="1" conditionals="0" coveredconditionals="0" methods="1" coveredmethods="1"/>
      <file name="App.tsx" path="/Users/e.devoffice0083/Desktop/Prafultraninig1158/InfinniteScrollTest/App.tsx">
        <metrics statements="1" coveredstatements="1" conditionals="0" coveredconditionals="0" methods="1" coveredmethods="1"/>
        <line num="8" count="1" type="stmt"/>
      </file>
    </package>
    <package name="InfinniteScrollTest.packages.blocks.InfiniteScroll">
      <metrics statements="23" coveredstatements="23" conditionals="4" coveredconditionals="4" methods="8" coveredmethods="8"/>
      <file name="InfiniteScroll.tsx" path="/Users/e.devoffice0083/Desktop/Prafultraninig1158/InfinniteScrollTest/packages/blocks/InfiniteScroll/InfiniteScroll.tsx">
        <metrics statements="2" coveredstatements="2" conditionals="0" coveredconditionals="0" methods="2" coveredmethods="2"/>
        <line num="13" count="3" type="stmt"/>
        <line num="64" count="2" type="stmt"/>
      </file>
      <file name="InfiniteScrollCards.tsx" path="/Users/e.devoffice0083/Desktop/Prafultraninig1158/InfinniteScrollTest/packages/blocks/InfiniteScroll/InfiniteScrollCards.tsx">
        <metrics statements="6" coveredstatements="6" conditionals="2" coveredconditionals="2" methods="2" coveredmethods="2"/>
        <line num="7" count="1" type="stmt"/>
        <line num="10" count="4" type="stmt"/>
        <line num="11" count="4" type="stmt"/>
        <line num="16" count="4" type="stmt"/>
        <line num="17" count="4" type="stmt"/>
        <line num="19" count="4" type="stmt"/>
      </file>
      <file name="InfiniteScrollControllers.tsx" path="/Users/e.devoffice0083/Desktop/Prafultraninig1158/InfinniteScrollTest/packages/blocks/InfiniteScroll/InfiniteScrollControllers.tsx">
        <metrics statements="13" coveredstatements="13" conditionals="2" coveredconditionals="2" methods="4" coveredmethods="4"/>
        <line num="19" count="3" type="stmt"/>
        <line num="22" count="3" type="stmt"/>
        <line num="28" count="3" type="stmt"/>
        <line num="31" count="3" type="stmt"/>
        <line num="32" count="3" type="stmt"/>
        <line num="33" count="3" type="stmt"/>
        <line num="34" count="3" type="stmt"/>
        <line num="37" count="3" type="stmt"/>
        <line num="39" count="1" type="stmt"/>
        <line num="45" count="2" type="stmt"/>
        <line num="50" count="3" type="stmt"/>
        <line num="51" count="3" type="cond" truecount="2" falsecount="0"/>
        <line num="52" count="1" type="stmt"/>
      </file>
      <file name="InfiniteScrollStyles.tsx" path="/Users/e.devoffice0083/Desktop/Prafultraninig1158/InfinniteScrollTest/packages/blocks/InfiniteScroll/InfiniteScrollStyles.tsx">
        <metrics statements="2" coveredstatements="2" conditionals="0" coveredconditionals="0" methods="0" coveredmethods="0"/>
        <line num="3" count="1" type="stmt"/>
        <line num="4" count="1" type="stmt"/>
      </file>
    </package>
    <package name="InfinniteScrollTest.packages.blocks.counterApp">
      <metrics statements="9" coveredstatements="9" conditionals="0" coveredconditionals="0" methods="5" coveredmethods="5"/>
      <file name="Counter.tsx" path="/Users/e.devoffice0083/Desktop/Prafultraninig1158/InfinniteScrollTest/packages/blocks/counterApp/Counter.tsx">
        <metrics statements="9" coveredstatements="9" conditionals="0" coveredconditionals="0" methods="5" coveredmethods="5"/>
        <line num="12" count="2" type="stmt"/>
        <line num="13" count="2" type="stmt"/>
        <line num="18" count="2" type="stmt"/>
        <line num="19" count="1" type="stmt"/>
        <line num="24" count="2" type="stmt"/>
        <line num="25" count="1" type="stmt"/>
        <line num="30" count="2" type="stmt"/>
        <line num="31" count="1" type="stmt"/>
        <line num="37" count="5" type="stmt"/>
      </file>
    </package>
  </project>
</coverage>
