{"/Users/e.devoffice0083/Desktop/Prafultraninig1158/InfinniteScrollTest/App.tsx": {"path":"/Users/e.devoffice0083/Desktop/Prafultraninig1158/InfinniteScrollTest/App.tsx","statementMap":{"0":{"start":{"line":8,"column":4},"end":{"line":8,"column":23}}},"fnMap":{"0":{"name":"(anonymous_0)","decl":{"start":{"line":7,"column":2},"end":{"line":7,"column":3}},"loc":{"start":{"line":7,"column":11},"end":{"line":9,"column":3}},"line":7}},"branchMap":{},"s":{"0":1},"f":{"0":1},"b":{},"_coverageSchema":"1a1c01bbd47fc00a2c39e90264f33305004495a9","hash":"652e139911d5f5f9a253cb60ab913e5f7d0e890e"}
,"/Users/e.devoffice0083/Desktop/Prafultraninig1158/InfinniteScrollTest/packages/blocks/InfiniteScroll/InfiniteScroll.tsx": {"path":"/Users/e.devoffice0083/Desktop/Prafultraninig1158/InfinniteScrollTest/packages/blocks/InfiniteScroll/InfiniteScroll.tsx","statementMap":{"0":{"start":{"line":13,"column":4},"end":{"line":74,"column":6}},"1":{"start":{"line":64,"column":16},"end":{"line":64,"column":59}}},"fnMap":{"0":{"name":"(anonymous_0)","decl":{"start":{"line":12,"column":2},"end":{"line":12,"column":3}},"loc":{"start":{"line":12,"column":11},"end":{"line":75,"column":3}},"line":12},"1":{"name":"(anonymous_1)","decl":{"start":{"line":63,"column":26},"end":{"line":63,"column":27}},"loc":{"start":{"line":63,"column":38},"end":{"line":65,"column":15}},"line":63}},"branchMap":{},"s":{"0":3,"1":2},"f":{"0":3,"1":2},"b":{},"_coverageSchema":"1a1c01bbd47fc00a2c39e90264f33305004495a9","hash":"f0a1bb8963a15c757106337db4faf862af2c3355"}
,"/Users/e.devoffice0083/Desktop/Prafultraninig1158/InfinniteScrollTest/packages/blocks/InfiniteScroll/InfiniteScrollCards.tsx": {"path":"/Users/e.devoffice0083/Desktop/Prafultraninig1158/InfinniteScrollTest/packages/blocks/InfiniteScroll/InfiniteScrollCards.tsx","statementMap":{"0":{"start":{"line":7,"column":16},"end":{"line":7,"column":55}},"1":{"start":{"line":10,"column":40},"end":{"line":10,"column":56}},"2":{"start":{"line":11,"column":4},"end":{"line":47,"column":6}},"3":{"start":{"line":16,"column":32},"end":{"line":16,"column":41}},"4":{"start":{"line":17,"column":24},"end":{"line":17,"column":33}},"5":{"start":{"line":19,"column":12},"end":{"line":31,"column":14}}},"fnMap":{"0":{"name":"(anonymous_0)","decl":{"start":{"line":9,"column":2},"end":{"line":9,"column":3}},"loc":{"start":{"line":9,"column":11},"end":{"line":48,"column":3}},"line":9},"1":{"name":"(anonymous_1)","decl":{"start":{"line":15,"column":22},"end":{"line":15,"column":23}},"loc":{"start":{"line":15,"column":34},"end":{"line":32,"column":11}},"line":15}},"branchMap":{"0":{"loc":{"start":{"line":23,"column":25},"end":{"line":25,"column":125}},"type":"cond-expr","locations":[{"start":{"line":24,"column":24},"end":{"line":24,"column":112}},{"start":{"line":25,"column":24},"end":{"line":25,"column":125}}],"line":23}},"s":{"0":1,"1":4,"2":4,"3":4,"4":4,"5":4},"f":{"0":4,"1":4},"b":{"0":[2,2]},"_coverageSchema":"1a1c01bbd47fc00a2c39e90264f33305004495a9","hash":"a3e01210979d86fc139bbc6a519b7c5497005200"}
,"/Users/e.devoffice0083/Desktop/Prafultraninig1158/InfinniteScrollTest/packages/blocks/InfiniteScroll/InfiniteScrollControllers.tsx": {"path":"/Users/e.devoffice0083/Desktop/Prafultraninig1158/InfinniteScrollTest/packages/blocks/InfiniteScroll/InfiniteScrollControllers.tsx","statementMap":{"0":{"start":{"line":19,"column":4},"end":{"line":19,"column":17}},"1":{"start":{"line":22,"column":18},"end":{"line":26,"column":3}},"2":{"start":{"line":28,"column":4},"end":{"line":28,"column":21}},"3":{"start":{"line":31,"column":14},"end":{"line":49,"column":3}},"4":{"start":{"line":32,"column":4},"end":{"line":47,"column":5}},"5":{"start":{"line":33,"column":0},"end":{"line":33,"column":33}},"6":{"start":{"line":34,"column":21},"end":{"line":36,"column":5}},"7":{"start":{"line":37,"column":20},"end":{"line":37,"column":41}},"8":{"start":{"line":39,"column":4},"end":{"line":43,"column":7}},"9":{"start":{"line":45,"column":6},"end":{"line":45,"column":23}},"10":{"start":{"line":50,"column":17},"end":{"line":57,"column":3}},"11":{"start":{"line":51,"column":4},"end":{"line":51,"column":43}},"12":{"start":{"line":51,"column":31},"end":{"line":51,"column":43}},"13":{"start":{"line":52,"column":4},"end":{"line":56,"column":6}}},"fnMap":{"0":{"name":"(anonymous_0)","decl":{"start":{"line":18,"column":2},"end":{"line":18,"column":3}},"loc":{"start":{"line":18,"column":29},"end":{"line":20,"column":3}},"line":18},"1":{"name":"(anonymous_1)","decl":{"start":{"line":27,"column":2},"end":{"line":27,"column":3}},"loc":{"start":{"line":27,"column":28},"end":{"line":29,"column":3}},"line":27},"2":{"name":"(anonymous_2)","decl":{"start":{"line":31,"column":14},"end":{"line":31,"column":15}},"loc":{"start":{"line":31,"column":26},"end":{"line":49,"column":3}},"line":31},"3":{"name":"(anonymous_3)","decl":{"start":{"line":50,"column":17},"end":{"line":50,"column":18}},"loc":{"start":{"line":50,"column":23},"end":{"line":57,"column":3}},"line":50}},"branchMap":{"0":{"loc":{"start":{"line":51,"column":4},"end":{"line":51,"column":43}},"type":"if","locations":[{"start":{"line":51,"column":4},"end":{"line":51,"column":43}},{"start":{},"end":{}}],"line":51}},"s":{"0":3,"1":3,"2":3,"3":3,"4":3,"5":3,"6":3,"7":3,"8":1,"9":2,"10":3,"11":3,"12":2,"13":1},"f":{"0":3,"1":3,"2":3,"3":3},"b":{"0":[2,1]},"_coverageSchema":"1a1c01bbd47fc00a2c39e90264f33305004495a9","hash":"5c989191b9c1dc377dd1cd463bd0952b1f6f90f9"}
,"/Users/e.devoffice0083/Desktop/Prafultraninig1158/InfinniteScrollTest/packages/blocks/InfiniteScroll/InfiniteScrollStyles.tsx": {"path":"/Users/e.devoffice0083/Desktop/Prafultraninig1158/InfinniteScrollTest/packages/blocks/InfiniteScroll/InfiniteScrollStyles.tsx","statementMap":{"0":{"start":{"line":3,"column":24},"end":{"line":3,"column":48}},"1":{"start":{"line":4,"column":22},"end":{"line":58,"column":2}}},"fnMap":{},"branchMap":{},"s":{"0":1,"1":1},"f":{},"b":{},"_coverageSchema":"1a1c01bbd47fc00a2c39e90264f33305004495a9","hash":"b9be2221662f0044c8fd2edb670d6c819281ab4a"}
,"/Users/e.devoffice0083/Desktop/Prafultraninig1158/InfinniteScrollTest/packages/blocks/counterApp/Counter.tsx": {"path":"/Users/e.devoffice0083/Desktop/Prafultraninig1158/InfinniteScrollTest/packages/blocks/counterApp/Counter.tsx","statementMap":{"0":{"start":{"line":12,"column":4},"end":{"line":12,"column":17}},"1":{"start":{"line":13,"column":4},"end":{"line":15,"column":6}},"2":{"start":{"line":18,"column":20},"end":{"line":22,"column":3}},"3":{"start":{"line":19,"column":4},"end":{"line":21,"column":7}},"4":{"start":{"line":24,"column":20},"end":{"line":28,"column":3}},"5":{"start":{"line":25,"column":4},"end":{"line":27,"column":7}},"6":{"start":{"line":30,"column":16},"end":{"line":34,"column":3}},"7":{"start":{"line":31,"column":4},"end":{"line":33,"column":7}},"8":{"start":{"line":37,"column":4},"end":{"line":52,"column":6}}},"fnMap":{"0":{"name":"(anonymous_0)","decl":{"start":{"line":11,"column":2},"end":{"line":11,"column":3}},"loc":{"start":{"line":11,"column":29},"end":{"line":16,"column":3}},"line":11},"1":{"name":"(anonymous_1)","decl":{"start":{"line":18,"column":20},"end":{"line":18,"column":21}},"loc":{"start":{"line":18,"column":26},"end":{"line":22,"column":3}},"line":18},"2":{"name":"(anonymous_2)","decl":{"start":{"line":24,"column":20},"end":{"line":24,"column":21}},"loc":{"start":{"line":24,"column":26},"end":{"line":28,"column":3}},"line":24},"3":{"name":"(anonymous_3)","decl":{"start":{"line":30,"column":16},"end":{"line":30,"column":17}},"loc":{"start":{"line":30,"column":22},"end":{"line":34,"column":3}},"line":30},"4":{"name":"(anonymous_4)","decl":{"start":{"line":36,"column":2},"end":{"line":36,"column":3}},"loc":{"start":{"line":36,"column":11},"end":{"line":53,"column":3}},"line":36}},"branchMap":{},"s":{"0":2,"1":2,"2":2,"3":1,"4":2,"5":1,"6":2,"7":1,"8":5},"f":{"0":2,"1":1,"2":1,"3":1,"4":5},"b":{},"_coverageSchema":"1a1c01bbd47fc00a2c39e90264f33305004495a9","hash":"516449b1744632307843b7e1e8a5b1b18dfa2d07"}
}
