TN:
SF:App.tsx
FN:7,(anonymous_0)
FNF:1
FNH:1
FNDA:1,(anonymous_0)
DA:8,1
LF:1
LH:1
BRF:0
BRH:0
end_of_record
TN:
SF:packages/blocks/InfiniteScroll/InfiniteScroll.tsx
FN:12,(anonymous_0)
FN:63,(anonymous_1)
FNF:2
FNH:2
FNDA:3,(anonymous_0)
FNDA:2,(anonymous_1)
DA:13,3
DA:64,2
LF:2
LH:2
BRF:0
BRH:0
end_of_record
TN:
SF:packages/blocks/InfiniteScroll/InfiniteScrollCards.tsx
FN:9,(anonymous_0)
FN:15,(anonymous_1)
FNF:2
FNH:2
FNDA:4,(anonymous_0)
FNDA:4,(anonymous_1)
DA:7,1
DA:10,4
DA:11,4
DA:16,4
DA:17,4
DA:19,4
LF:6
LH:6
BRDA:23,0,0,2
BRDA:23,0,1,2
BRF:2
BRH:2
end_of_record
TN:
SF:packages/blocks/InfiniteScroll/InfiniteScrollControllers.tsx
FN:18,(anonymous_0)
FN:27,(anonymous_1)
FN:31,(anonymous_2)
FN:50,(anonymous_3)
FNF:4
FNH:4
FNDA:3,(anonymous_0)
FNDA:3,(anonymous_1)
FNDA:3,(anonymous_2)
FNDA:3,(anonymous_3)
DA:19,3
DA:22,3
DA:28,3
DA:31,3
DA:32,3
DA:33,3
DA:34,3
DA:37,3
DA:39,1
DA:45,2
DA:50,3
DA:51,3
DA:52,1
LF:13
LH:13
BRDA:51,0,0,2
BRDA:51,0,1,1
BRF:2
BRH:2
end_of_record
TN:
SF:packages/blocks/InfiniteScroll/InfiniteScrollStyles.tsx
FNF:0
FNH:0
DA:3,1
DA:4,1
LF:2
LH:2
BRF:0
BRH:0
end_of_record
TN:
SF:packages/blocks/counterApp/Counter.tsx
FN:11,(anonymous_0)
FN:18,(anonymous_1)
FN:24,(anonymous_2)
FN:30,(anonymous_3)
FN:36,(anonymous_4)
FNF:5
FNH:5
FNDA:2,(anonymous_0)
FNDA:1,(anonymous_1)
FNDA:1,(anonymous_2)
FNDA:1,(anonymous_3)
FNDA:5,(anonymous_4)
DA:12,2
DA:13,2
DA:18,2
DA:19,1
DA:24,2
DA:25,1
DA:30,2
DA:31,1
DA:37,5
LF:9
LH:9
BRF:0
BRH:0
end_of_record
